2024-08-03 13:35:39,932 AJR INFRA AND TOLLING LIMITED  Error mismatched tag: line 99, column 2
2024-08-03 13:35:40,448 Castex Technologies Limited  Error mismatched tag: line 99, column 2
2024-08-03 13:35:40,815 Winsome Yarns Limited  Error mismatched tag: line 99, column 2
2024-08-03 15:08:46,026 AJR INFRA AND TOLLING LIMITED  Error mismatched tag: line 99, column 2
2024-08-03 15:08:46,371 Castex Technologies Limited  Error mismatched tag: line 99, column 2
2024-08-03 15:08:46,739 Winsome Yarns Limited  Error mismatched tag: line 99, column 2
2024-08-03 15:08:47,820 Sharda Motor Industries Limited  Error [WinError 2] The system cannot find the file specified: '..\\resources\\equity_research\\input\\FINANCIAL_RESULTS_QTRLY_20240802_20240803.csv' -> '..\\resources\\equity_research\\Done\\FINANCIAL_RESULTS_QTRLY_20240802_20240803.csv'
2024-08-03 15:08:48,201 Affle (India) Limited  Error [WinError 2] The system cannot find the file specified: '..\\resources\\equity_research\\input\\FINANCIAL_RESULTS_QTRLY_20240802_20240803.csv' -> '..\\resources\\equity_research\\Done\\FINANCIAL_RESULTS_QTRLY_20240802_20240803.csv'
2024-08-03 15:08:48,601 Dhanuka Agritech Limited  Error [WinError 2] The system cannot find the file specified: '..\\resources\\equity_research\\input\\FINANCIAL_RESULTS_QTRLY_20240802_20240803.csv' -> '..\\resources\\equity_research\\Done\\FINANCIAL_RESULTS_QTRLY_20240802_20240803.csv'
2024-08-03 15:08:49,145 Ram Ratna Wires Limited  Error [WinError 2] The system cannot find the file specified: '..\\resources\\equity_research\\input\\FINANCIAL_RESULTS_QTRLY_20240802_20240803.csv' -> '..\\resources\\equity_research\\Done\\FINANCIAL_RESULTS_QTRLY_20240802_20240803.csv'
2024-08-03 15:08:49,644 Ramco Industries Limited  Error [WinError 2] The system cannot find the file specified: '..\\resources\\equity_research\\input\\FINANCIAL_RESULTS_QTRLY_20240802_20240803.csv' -> '..\\resources\\equity_research\\Done\\FINANCIAL_RESULTS_QTRLY_20240802_20240803.csv'
2024-08-03 15:08:50,032 Zuari Agro Chemicals Limited  Error [WinError 2] The system cannot find the file specified: '..\\resources\\equity_research\\input\\FINANCIAL_RESULTS_QTRLY_20240802_20240803.csv' -> '..\\resources\\equity_research\\Done\\FINANCIAL_RESULTS_QTRLY_20240802_20240803.csv'
2024-08-03 15:08:50,509 NK Industries Limited  Error [WinError 2] The system cannot find the file specified: '..\\resources\\equity_research\\input\\FINANCIAL_RESULTS_QTRLY_20240802_20240803.csv' -> '..\\resources\\equity_research\\Done\\FINANCIAL_RESULTS_QTRLY_20240802_20240803.csv'
2024-08-03 15:08:50,935 Divi's Laboratories Limited  Error [WinError 2] The system cannot find the file specified: '..\\resources\\equity_research\\input\\FINANCIAL_RESULTS_QTRLY_20240802_20240803.csv' -> '..\\resources\\equity_research\\Done\\FINANCIAL_RESULTS_QTRLY_20240802_20240803.csv'
2024-08-03 15:08:51,564 Dhampur Sugar Mills Limited  Error [WinError 2] The system cannot find the file specified: '..\\resources\\equity_research\\input\\FINANCIAL_RESULTS_QTRLY_20240802_20240803.csv' -> '..\\resources\\equity_research\\Done\\FINANCIAL_RESULTS_QTRLY_20240802_20240803.csv'
2024-08-03 15:08:52,100 Dolphin Offshore Enterprises (India) Limited  Error [WinError 2] The system cannot find the file specified: '..\\resources\\equity_research\\input\\FINANCIAL_RESULTS_QTRLY_20240802_20240803.csv' -> '..\\resources\\equity_research\\Done\\FINANCIAL_RESULTS_QTRLY_20240802_20240803.csv'
2024-08-03 15:08:52,623 Delhivery Limited  Error [WinError 2] The system cannot find the file specified: '..\\resources\\equity_research\\input\\FINANCIAL_RESULTS_QTRLY_20240802_20240803.csv' -> '..\\resources\\equity_research\\Done\\FINANCIAL_RESULTS_QTRLY_20240802_20240803.csv'
2024-08-03 15:08:52,998 Eris Lifesciences Limited  Error [WinError 2] The system cannot find the file specified: '..\\resources\\equity_research\\input\\FINANCIAL_RESULTS_QTRLY_20240802_20240803.csv' -> '..\\resources\\equity_research\\Done\\FINANCIAL_RESULTS_QTRLY_20240802_20240803.csv'
2024-08-03 15:08:53,597 MRO-TEK Realty Limited  Error [WinError 2] The system cannot find the file specified: '..\\resources\\equity_research\\input\\FINANCIAL_RESULTS_QTRLY_20240802_20240803.csv' -> '..\\resources\\equity_research\\Done\\FINANCIAL_RESULTS_QTRLY_20240802_20240803.csv'
2024-08-03 15:08:54,097 Allcargo Gati Limited  Error [WinError 2] The system cannot find the file specified: '..\\resources\\equity_research\\input\\FINANCIAL_RESULTS_QTRLY_20240802_20240803.csv' -> '..\\resources\\equity_research\\Done\\FINANCIAL_RESULTS_QTRLY_20240802_20240803.csv'
2024-08-03 15:08:54,745 Aptech Limited  Error [WinError 2] The system cannot find the file specified: '..\\resources\\equity_research\\input\\FINANCIAL_RESULTS_QTRLY_20240802_20240803.csv' -> '..\\resources\\equity_research\\Done\\FINANCIAL_RESULTS_QTRLY_20240802_20240803.csv'
2024-08-03 15:08:55,197 Titan Company Limited  Error [WinError 2] The system cannot find the file specified: '..\\resources\\equity_research\\input\\FINANCIAL_RESULTS_QTRLY_20240802_20240803.csv' -> '..\\resources\\equity_research\\Done\\FINANCIAL_RESULTS_QTRLY_20240802_20240803.csv'
2024-08-03 15:08:55,644 India Pesticides Limited  Error [WinError 2] The system cannot find the file specified: '..\\resources\\equity_research\\input\\FINANCIAL_RESULTS_QTRLY_20240802_20240803.csv' -> '..\\resources\\equity_research\\Done\\FINANCIAL_RESULTS_QTRLY_20240802_20240803.csv'
2024-08-03 15:08:56,050 GRP Limited  Error [WinError 2] The system cannot find the file specified: '..\\resources\\equity_research\\input\\FINANCIAL_RESULTS_QTRLY_20240802_20240803.csv' -> '..\\resources\\equity_research\\Done\\FINANCIAL_RESULTS_QTRLY_20240802_20240803.csv'
2024-08-03 15:08:56,478 GlaxoSmithKline Pharmaceuticals Limited  Error [WinError 2] The system cannot find the file specified: '..\\resources\\equity_research\\input\\FINANCIAL_RESULTS_QTRLY_20240802_20240803.csv' -> '..\\resources\\equity_research\\Done\\FINANCIAL_RESULTS_QTRLY_20240802_20240803.csv'
2024-08-03 15:08:57,046 Britannia Industries Limited  Error [WinError 2] The system cannot find the file specified: '..\\resources\\equity_research\\input\\FINANCIAL_RESULTS_QTRLY_20240802_20240803.csv' -> '..\\resources\\equity_research\\Done\\FINANCIAL_RESULTS_QTRLY_20240802_20240803.csv'
2024-08-03 15:08:57,406 Bhagiradha Chemicals & Industries Limited  Error [WinError 2] The system cannot find the file specified: '..\\resources\\equity_research\\input\\FINANCIAL_RESULTS_QTRLY_20240802_20240803.csv' -> '..\\resources\\equity_research\\Done\\FINANCIAL_RESULTS_QTRLY_20240802_20240803.csv'
2024-08-03 15:08:57,790 Narayana Hrudayalaya Ltd.  Error [WinError 2] The system cannot find the file specified: '..\\resources\\equity_research\\input\\FINANCIAL_RESULTS_QTRLY_20240802_20240803.csv' -> '..\\resources\\equity_research\\Done\\FINANCIAL_RESULTS_QTRLY_20240802_20240803.csv'
2024-08-03 15:08:58,276 Sudarshan Chemical Industries Limited  Error [WinError 2] The system cannot find the file specified: '..\\resources\\equity_research\\input\\FINANCIAL_RESULTS_QTRLY_20240802_20240803.csv' -> '..\\resources\\equity_research\\Done\\FINANCIAL_RESULTS_QTRLY_20240802_20240803.csv'
2024-08-03 15:08:58,944 LIC Housing Finance Limited  Error [WinError 2] The system cannot find the file specified: '..\\resources\\equity_research\\input\\FINANCIAL_RESULTS_QTRLY_20240802_20240803.csv' -> '..\\resources\\equity_research\\Done\\FINANCIAL_RESULTS_QTRLY_20240802_20240803.csv'
2024-08-03 15:08:59,349 Shree Renuka Sugars Limited  Error [WinError 2] The system cannot find the file specified: '..\\resources\\equity_research\\input\\FINANCIAL_RESULTS_QTRLY_20240802_20240803.csv' -> '..\\resources\\equity_research\\Done\\FINANCIAL_RESULTS_QTRLY_20240802_20240803.csv'
2024-08-03 15:08:59,746 Samhi Hotels Limited  Error [WinError 2] The system cannot find the file specified: '..\\resources\\equity_research\\input\\FINANCIAL_RESULTS_QTRLY_20240802_20240803.csv' -> '..\\resources\\equity_research\\Done\\FINANCIAL_RESULTS_QTRLY_20240802_20240803.csv'
2024-08-03 15:09:00,152 Mold-Tek Technologies Limited  Error [WinError 2] The system cannot find the file specified: '..\\resources\\equity_research\\input\\FINANCIAL_RESULTS_QTRLY_20240802_20240803.csv' -> '..\\resources\\equity_research\\Done\\FINANCIAL_RESULTS_QTRLY_20240802_20240803.csv'
2024-08-03 15:09:00,640 Dalmia Bharat Sugar and Industries Limited  Error [WinError 2] The system cannot find the file specified: '..\\resources\\equity_research\\input\\FINANCIAL_RESULTS_QTRLY_20240802_20240803.csv' -> '..\\resources\\equity_research\\Done\\FINANCIAL_RESULTS_QTRLY_20240802_20240803.csv'
2024-08-03 15:09:01,062 Archean Chemical Industries Limited  Error [WinError 2] The system cannot find the file specified: '..\\resources\\equity_research\\input\\FINANCIAL_RESULTS_QTRLY_20240802_20240803.csv' -> '..\\resources\\equity_research\\Done\\FINANCIAL_RESULTS_QTRLY_20240802_20240803.csv'
2024-08-03 15:09:01,729 Rane Holdings Limited  Error [WinError 2] The system cannot find the file specified: '..\\resources\\equity_research\\input\\FINANCIAL_RESULTS_QTRLY_20240802_20240803.csv' -> '..\\resources\\equity_research\\Done\\FINANCIAL_RESULTS_QTRLY_20240802_20240803.csv'
2024-08-03 15:09:02,120 Sun Pharmaceutical Industries Limited  Error [WinError 2] The system cannot find the file specified: '..\\resources\\equity_research\\input\\FINANCIAL_RESULTS_QTRLY_20240802_20240803.csv' -> '..\\resources\\equity_research\\Done\\FINANCIAL_RESULTS_QTRLY_20240802_20240803.csv'
2024-08-03 15:09:02,540 Aeroflex Industries Limited  Error [WinError 2] The system cannot find the file specified: '..\\resources\\equity_research\\input\\FINANCIAL_RESULTS_QTRLY_20240802_20240803.csv' -> '..\\resources\\equity_research\\Done\\FINANCIAL_RESULTS_QTRLY_20240802_20240803.csv'
2024-08-03 15:09:03,322 Medplus Health Services Limited  Error [WinError 2] The system cannot find the file specified: '..\\resources\\equity_research\\input\\FINANCIAL_RESULTS_QTRLY_20240802_20240803.csv' -> '..\\resources\\equity_research\\Done\\FINANCIAL_RESULTS_QTRLY_20240802_20240803.csv'
2024-08-03 15:09:03,719 Indiabulls Enterprises Limited  Error [WinError 2] The system cannot find the file specified: '..\\resources\\equity_research\\input\\FINANCIAL_RESULTS_QTRLY_20240802_20240803.csv' -> '..\\resources\\equity_research\\Done\\FINANCIAL_RESULTS_QTRLY_20240802_20240803.csv'
2024-08-03 15:09:04,219 Edelweiss Financial Services Limited  Error [WinError 2] The system cannot find the file specified: '..\\resources\\equity_research\\input\\FINANCIAL_RESULTS_QTRLY_20240802_20240803.csv' -> '..\\resources\\equity_research\\Done\\FINANCIAL_RESULTS_QTRLY_20240802_20240803.csv'
2024-08-03 15:09:04,641 PSP Projects Limited  Error [WinError 2] The system cannot find the file specified: '..\\resources\\equity_research\\input\\FINANCIAL_RESULTS_QTRLY_20240802_20240803.csv' -> '..\\resources\\equity_research\\Done\\FINANCIAL_RESULTS_QTRLY_20240802_20240803.csv'
2024-08-03 15:09:05,194 Kirloskar Brothers Limited  Error [WinError 2] The system cannot find the file specified: '..\\resources\\equity_research\\input\\FINANCIAL_RESULTS_QTRLY_20240802_20240803.csv' -> '..\\resources\\equity_research\\Done\\FINANCIAL_RESULTS_QTRLY_20240802_20240803.csv'
2024-08-03 15:09:05,706 Taj GVK Hotels & Resorts Limited  Error [WinError 2] The system cannot find the file specified: '..\\resources\\equity_research\\input\\FINANCIAL_RESULTS_QTRLY_20240802_20240803.csv' -> '..\\resources\\equity_research\\Done\\FINANCIAL_RESULTS_QTRLY_20240802_20240803.csv'
2024-08-03 15:09:06,136 Sun Pharmaceutical Industries Limited  Error mismatched tag: line 99, column 2
2024-08-03 15:09:06,598 Texmaco Infrastructure & Holdings Limited  Error [WinError 2] The system cannot find the file specified: '..\\resources\\equity_research\\input\\FINANCIAL_RESULTS_QTRLY_20240802_20240803.csv' -> '..\\resources\\equity_research\\Done\\FINANCIAL_RESULTS_QTRLY_20240802_20240803.csv'
2024-08-03 15:09:07,006 Yaari Digital Integrated Services Limited  Error [WinError 2] The system cannot find the file specified: '..\\resources\\equity_research\\input\\FINANCIAL_RESULTS_QTRLY_20240802_20240803.csv' -> '..\\resources\\equity_research\\Done\\FINANCIAL_RESULTS_QTRLY_20240802_20240803.csv'
2024-08-03 15:09:07,400 UPL Limited  Error [WinError 2] The system cannot find the file specified: '..\\resources\\equity_research\\input\\FINANCIAL_RESULTS_QTRLY_20240802_20240803.csv' -> '..\\resources\\equity_research\\Done\\FINANCIAL_RESULTS_QTRLY_20240802_20240803.csv'
2024-08-03 15:09:07,893 Hindustan Zinc Limited  Error [WinError 2] The system cannot find the file specified: '..\\resources\\equity_research\\input\\FINANCIAL_RESULTS_QTRLY_20240802_20240803.csv' -> '..\\resources\\equity_research\\Done\\FINANCIAL_RESULTS_QTRLY_20240802_20240803.csv'
2024-08-03 15:09:08,295 Mrs. Bectors Food Specialities Limited  Error [WinError 2] The system cannot find the file specified: '..\\resources\\equity_research\\input\\FINANCIAL_RESULTS_QTRLY_20240802_20240803.csv' -> '..\\resources\\equity_research\\Done\\FINANCIAL_RESULTS_QTRLY_20240802_20240803.csv'
2024-08-03 15:09:08,663 Vaibhav Global Limited  Error [WinError 2] The system cannot find the file specified: '..\\resources\\equity_research\\input\\FINANCIAL_RESULTS_QTRLY_20240802_20240803.csv' -> '..\\resources\\equity_research\\Done\\FINANCIAL_RESULTS_QTRLY_20240802_20240803.csv'
2024-08-03 15:09:09,086 SIL Investments Limited  Error [WinError 2] The system cannot find the file specified: '..\\resources\\equity_research\\input\\FINANCIAL_RESULTS_QTRLY_20240802_20240803.csv' -> '..\\resources\\equity_research\\Done\\FINANCIAL_RESULTS_QTRLY_20240802_20240803.csv'
2024-08-03 15:09:09,552 S.J.S. Enterprises Limited  Error [WinError 2] The system cannot find the file specified: '..\\resources\\equity_research\\input\\FINANCIAL_RESULTS_QTRLY_20240802_20240803.csv' -> '..\\resources\\equity_research\\Done\\FINANCIAL_RESULTS_QTRLY_20240802_20240803.csv'
2024-08-03 15:09:09,930 DPSC Limited  Error [WinError 2] The system cannot find the file specified: '..\\resources\\equity_research\\input\\FINANCIAL_RESULTS_QTRLY_20240802_20240803.csv' -> '..\\resources\\equity_research\\Done\\FINANCIAL_RESULTS_QTRLY_20240802_20240803.csv'
2024-08-03 15:09:10,413 BALAXI PHARMACEUTICALS LIMITED  Error [WinError 2] The system cannot find the file specified: '..\\resources\\equity_research\\input\\FINANCIAL_RESULTS_QTRLY_20240802_20240803.csv' -> '..\\resources\\equity_research\\Done\\FINANCIAL_RESULTS_QTRLY_20240802_20240803.csv'
2024-08-03 15:09:10,894 Zydus Wellness Limited  Error [WinError 2] The system cannot find the file specified: '..\\resources\\equity_research\\input\\FINANCIAL_RESULTS_QTRLY_20240802_20240803.csv' -> '..\\resources\\equity_research\\Done\\FINANCIAL_RESULTS_QTRLY_20240802_20240803.csv'
2024-08-03 15:09:11,349 NIIT Limited  Error [WinError 2] The system cannot find the file specified: '..\\resources\\equity_research\\input\\FINANCIAL_RESULTS_QTRLY_20240802_20240803.csv' -> '..\\resources\\equity_research\\Done\\FINANCIAL_RESULTS_QTRLY_20240802_20240803.csv'
2024-08-03 15:09:11,725 UFO Moviez India Limited  Error [WinError 2] The system cannot find the file specified: '..\\resources\\equity_research\\input\\FINANCIAL_RESULTS_QTRLY_20240802_20240803.csv' -> '..\\resources\\equity_research\\Done\\FINANCIAL_RESULTS_QTRLY_20240802_20240803.csv'
2024-08-03 15:09:12,147 Ksb Limited  Error [WinError 2] The system cannot find the file specified: '..\\resources\\equity_research\\input\\FINANCIAL_RESULTS_QTRLY_20240802_20240803.csv' -> '..\\resources\\equity_research\\Done\\FINANCIAL_RESULTS_QTRLY_20240802_20240803.csv'
2024-08-03 15:09:12,518 Gillanders Arbuthnot & Company Limited  Error [WinError 2] The system cannot find the file specified: '..\\resources\\equity_research\\input\\FINANCIAL_RESULTS_QTRLY_20240802_20240803.csv' -> '..\\resources\\equity_research\\Done\\FINANCIAL_RESULTS_QTRLY_20240802_20240803.csv'
2024-08-03 15:09:13,081 Somany Ceramics Limited  Error [WinError 2] The system cannot find the file specified: '..\\resources\\equity_research\\input\\FINANCIAL_RESULTS_QTRLY_20240802_20240803.csv' -> '..\\resources\\equity_research\\Done\\FINANCIAL_RESULTS_QTRLY_20240802_20240803.csv'
2024-08-03 15:09:13,783 Computer Age Management Services Limited  Error [WinError 2] The system cannot find the file specified: '..\\resources\\equity_research\\input\\FINANCIAL_RESULTS_QTRLY_20240802_20240803.csv' -> '..\\resources\\equity_research\\Done\\FINANCIAL_RESULTS_QTRLY_20240802_20240803.csv'
2024-08-03 15:09:14,227 Infibeam Avenues Limited  Error [WinError 2] The system cannot find the file specified: '..\\resources\\equity_research\\input\\FINANCIAL_RESULTS_QTRLY_20240802_20240803.csv' -> '..\\resources\\equity_research\\Done\\FINANCIAL_RESULTS_QTRLY_20240802_20240803.csv'
2024-08-03 15:09:14,662 Saregama India Limited  Error [WinError 2] The system cannot find the file specified: '..\\resources\\equity_research\\input\\FINANCIAL_RESULTS_QTRLY_20240802_20240803.csv' -> '..\\resources\\equity_research\\Done\\FINANCIAL_RESULTS_QTRLY_20240802_20240803.csv'
2024-08-03 15:09:15,083 Kalyan Jewellers India Limited  Error [WinError 2] The system cannot find the file specified: '..\\resources\\equity_research\\input\\FINANCIAL_RESULTS_QTRLY_20240802_20240803.csv' -> '..\\resources\\equity_research\\Done\\FINANCIAL_RESULTS_QTRLY_20240802_20240803.csv'
2024-08-03 15:09:15,520 Hester Biosciences Limited  Error [WinError 2] The system cannot find the file specified: '..\\resources\\equity_research\\input\\FINANCIAL_RESULTS_QTRLY_20240802_20240803.csv' -> '..\\resources\\equity_research\\Done\\FINANCIAL_RESULTS_QTRLY_20240802_20240803.csv'
2024-08-03 15:09:16,233 IDFC Limited  Error [WinError 2] The system cannot find the file specified: '..\\resources\\equity_research\\input\\FINANCIAL_RESULTS_QTRLY_20240802_20240803.csv' -> '..\\resources\\equity_research\\Done\\FINANCIAL_RESULTS_QTRLY_20240802_20240803.csv'
2024-08-03 15:09:16,946 Hikal Limited  Error [WinError 2] The system cannot find the file specified: '..\\resources\\equity_research\\input\\FINANCIAL_RESULTS_QTRLY_20240802_20240803.csv' -> '..\\resources\\equity_research\\Done\\FINANCIAL_RESULTS_QTRLY_20240802_20240803.csv'
2024-08-03 15:09:17,446 RattanIndia Power Limited  Error [WinError 2] The system cannot find the file specified: '..\\resources\\equity_research\\input\\FINANCIAL_RESULTS_QTRLY_20240802_20240803.csv' -> '..\\resources\\equity_research\\Done\\FINANCIAL_RESULTS_QTRLY_20240802_20240803.csv'
2024-08-03 15:09:18,295 Paradeep Phosphates Limited  Error [WinError 2] The system cannot find the file specified: '..\\resources\\equity_research\\input\\FINANCIAL_RESULTS_QTRLY_20240802_20240803.csv' -> '..\\resources\\equity_research\\Done\\FINANCIAL_RESULTS_QTRLY_20240802_20240803.csv'
2024-08-03 15:09:19,146 Rushil Decor Limited  Error [WinError 2] The system cannot find the file specified: '..\\resources\\equity_research\\input\\FINANCIAL_RESULTS_QTRLY_20240802_20240803.csv' -> '..\\resources\\equity_research\\Done\\FINANCIAL_RESULTS_QTRLY_20240802_20240803.csv'
2024-08-03 15:09:20,059 Bombay Dyeing & Mfg Company Limited  Error [WinError 2] The system cannot find the file specified: '..\\resources\\equity_research\\input\\FINANCIAL_RESULTS_QTRLY_20240802_20240803.csv' -> '..\\resources\\equity_research\\Done\\FINANCIAL_RESULTS_QTRLY_20240802_20240803.csv'
2024-08-03 15:09:20,945 Akzo Nobel India Limited  Error [WinError 2] The system cannot find the file specified: '..\\resources\\equity_research\\input\\FINANCIAL_RESULTS_QTRLY_20240802_20240803.csv' -> '..\\resources\\equity_research\\Done\\FINANCIAL_RESULTS_QTRLY_20240802_20240803.csv'
2024-08-03 15:14:31,085 Sun Pharmaceutical Industries Limited  Error mismatched tag: line 99, column 2
2024-08-13 13:38:51,189 Maitreya Medicare Limited   Error not well-formed (invalid token): line 58, column 22
2024-08-13 13:38:52,476 Maitreya Medicare Limited   Error not well-formed (invalid token): line 58, column 22
2024-08-13 13:38:53,313 Maitreya Medicare Limited   Error not well-formed (invalid token): line 58, column 22
2024-08-13 13:38:53,749 Maitreya Medicare Limited   Error not well-formed (invalid token): line 58, column 22
2024-08-13 13:41:24,429 Maitreya Medicare Limited  Error not well-formed (invalid token): line 58, column 22
2024-08-13 13:41:25,058 Maitreya Medicare Limited  Error not well-formed (invalid token): line 58, column 22
2024-08-13 13:41:25,461 Maitreya Medicare Limited  Error not well-formed (invalid token): line 58, column 22
2024-08-13 13:41:26,121 Maitreya Medicare Limited  Error not well-formed (invalid token): line 58, column 22
2024-08-13 14:50:57,053 Maitreya Medicare Limited  Error not well-formed (invalid token): line 58, column 22
2024-08-13 14:50:57,746 Maitreya Medicare Limited  Error not well-formed (invalid token): line 58, column 22
2024-08-13 14:50:58,425 Maitreya Medicare Limited  Error not well-formed (invalid token): line 58, column 22
2024-08-13 14:50:59,007 Maitreya Medicare Limited  Error not well-formed (invalid token): line 58, column 22
2024-08-13 16:07:52,265 Maitreya Medicare Limited  Error not well-formed (invalid token): line 58, column 22
2024-08-13 16:07:52,708 Maitreya Medicare Limited  Error not well-formed (invalid token): line 58, column 22
2024-08-13 16:07:53,146 Maitreya Medicare Limited  Error not well-formed (invalid token): line 58, column 22
2024-08-13 16:07:53,600 Maitreya Medicare Limited  Error not well-formed (invalid token): line 58, column 22
2024-08-13 23:34:04,431 Maitreya Medicare Limited  Error not well-formed (invalid token): line 58, column 22
2024-08-13 23:34:05,081 Maitreya Medicare Limited  Error not well-formed (invalid token): line 58, column 22
2024-08-13 23:34:05,700 Maitreya Medicare Limited  Error not well-formed (invalid token): line 58, column 22
2024-08-13 23:34:06,360 Maitreya Medicare Limited  Error not well-formed (invalid token): line 58, column 22
2024-08-16 16:58:18,849 All E Technologies Limited  Error not well-formed (invalid token): line 58, column 22
2024-08-16 16:58:19,353 All E Technologies Limited  Error not well-formed (invalid token): line 58, column 22
2024-08-16 16:58:19,946 All E Technologies Limited  Error not well-formed (invalid token): line 58, column 22
2024-08-16 16:58:20,417 All E Technologies Limited  Error not well-formed (invalid token): line 58, column 22
2024-08-16 16:58:20,834 All E Technologies Limited  Error not well-formed (invalid token): line 58, column 22
2024-08-16 16:58:21,275 All E Technologies Limited  Error not well-formed (invalid token): line 58, column 22
2024-08-16 16:58:21,654 All E Technologies Limited  Error not well-formed (invalid token): line 58, column 22
2024-08-16 16:58:22,143 All E Technologies Limited  Error not well-formed (invalid token): line 58, column 22
2024-08-16 17:13:31,431 All E Technologies Limited  Error not well-formed (invalid token): line 58, column 22
2024-08-16 17:13:32,387 All E Technologies Limited  Error not well-formed (invalid token): line 58, column 22
2024-08-16 17:13:32,806 All E Technologies Limited  Error not well-formed (invalid token): line 58, column 22
2024-08-16 17:13:33,376 All E Technologies Limited  Error not well-formed (invalid token): line 58, column 22
2024-08-16 17:13:33,807 All E Technologies Limited  Error not well-formed (invalid token): line 58, column 22
2024-08-16 17:13:34,192 All E Technologies Limited  Error not well-formed (invalid token): line 58, column 22
2024-08-16 17:13:34,577 All E Technologies Limited  Error not well-formed (invalid token): line 58, column 22
2024-08-16 17:13:35,263 All E Technologies Limited  Error not well-formed (invalid token): line 58, column 22
2024-08-16 17:28:47,189 All E Technologies Limited  Error not well-formed (invalid token): line 58, column 22
2024-08-16 17:28:47,609 All E Technologies Limited  Error not well-formed (invalid token): line 58, column 22
2024-08-16 17:28:48,021 All E Technologies Limited  Error not well-formed (invalid token): line 58, column 22
2024-08-16 17:28:48,441 All E Technologies Limited  Error not well-formed (invalid token): line 58, column 22
2024-08-16 17:28:48,824 All E Technologies Limited  Error not well-formed (invalid token): line 58, column 22
2024-08-16 17:28:49,211 All E Technologies Limited  Error not well-formed (invalid token): line 58, column 22
2024-08-16 17:28:49,625 All E Technologies Limited  Error not well-formed (invalid token): line 58, column 22
2024-08-16 17:28:50,048 All E Technologies Limited  Error not well-formed (invalid token): line 58, column 22
2024-08-16 17:43:58,247 All E Technologies Limited  Error not well-formed (invalid token): line 58, column 22
2024-08-16 17:43:58,948 All E Technologies Limited  Error not well-formed (invalid token): line 58, column 22
2024-08-16 17:43:59,531 All E Technologies Limited  Error not well-formed (invalid token): line 58, column 22
2024-08-16 17:43:59,947 All E Technologies Limited  Error not well-formed (invalid token): line 58, column 22
2024-08-16 17:44:00,340 All E Technologies Limited  Error not well-formed (invalid token): line 58, column 22
2024-08-16 17:44:00,773 All E Technologies Limited  Error not well-formed (invalid token): line 58, column 22
2024-08-16 17:44:01,189 All E Technologies Limited  Error not well-formed (invalid token): line 58, column 22
2024-08-16 17:44:02,378 All E Technologies Limited  Error not well-formed (invalid token): line 58, column 22
2024-08-16 17:59:11,477 All E Technologies Limited  Error not well-formed (invalid token): line 58, column 22
2024-08-16 17:59:12,017 All E Technologies Limited  Error not well-formed (invalid token): line 58, column 22
2024-08-16 17:59:12,975 All E Technologies Limited  Error not well-formed (invalid token): line 58, column 22
2024-08-16 17:59:14,186 All E Technologies Limited  Error not well-formed (invalid token): line 58, column 22
2024-08-16 17:59:14,818 All E Technologies Limited  Error not well-formed (invalid token): line 58, column 22
2024-08-16 17:59:15,391 All E Technologies Limited  Error not well-formed (invalid token): line 58, column 22
2024-08-16 17:59:15,853 All E Technologies Limited  Error not well-formed (invalid token): line 58, column 22
2024-08-16 17:59:16,610 All E Technologies Limited  Error not well-formed (invalid token): line 58, column 22
2024-08-16 18:14:26,377 All E Technologies Limited  Error not well-formed (invalid token): line 58, column 22
2024-08-16 18:14:26,822 All E Technologies Limited  Error not well-formed (invalid token): line 58, column 22
2024-08-16 18:14:27,243 All E Technologies Limited  Error not well-formed (invalid token): line 58, column 22
2024-08-16 18:14:27,662 All E Technologies Limited  Error not well-formed (invalid token): line 58, column 22
2024-08-16 18:14:28,042 All E Technologies Limited  Error not well-formed (invalid token): line 58, column 22
2024-08-16 18:14:28,454 All E Technologies Limited  Error not well-formed (invalid token): line 58, column 22
2024-08-16 18:14:28,840 All E Technologies Limited  Error not well-formed (invalid token): line 58, column 22
2024-08-16 18:14:29,252 All E Technologies Limited  Error not well-formed (invalid token): line 58, column 22
